C:\SPRITELAND2012\SPRITELAND2012\DEBUG\SPRITELAND2012.PCH
C:\SPRITELAND2012\SPRITELAND2012\DEBUG\STDAFX.OBJ
C:\SPRITELAND2012\SPRITELAND2012\DEBUG\VC110.PDB
C:\SPRITELAND2012\SPRITELAND2012\DEBUG\STARTUP.OBJ
C:\SPRITELAND2012\SPRITELAND2012\DEBUG\SPRITELAND2012.OBJ
C:\SPRITELAND2012\SPRITELAND2012\DEBUG\ASSEMBLYINFO.OBJ
C:\SPRITELAND2012\SPRITELAND2012\DEBUG\SPRITEWINDOW.OBJ
C:\SPRITELAND2012\SPRITELAND2012\DEBUG\SPRITELAND.OBJ
C:\SPRITELAND2012\SPRITELAND2012\DEBUG\.NETFRAMEWORK,VERSION=V4.5.ASSEMBLYATTRIBUTES.OBJ
C:\SPRITELAND2012\DEBUG\SPRITELAND2012.ILK
C:\SPRITELAND2012\DEBUG\SPRITELAND2012.EXE
C:\SPRITELAND2012\DEBUG\SPRITELAND2012.PDB
C:\SPRITELAND2012\SPRITELAND2012\DEBUG\APP.RES
C:\spriteLand2012\Debug\spriteLib.dll
C:\spriteLand2012\Debug\spriteLib.pdb
C:\spriteLand2012\spriteLand2012\Debug\spriteLand2012.vcxprojResolveAssemblyReference.cache
C:\spriteLand2012\spriteLand2012\Debug\.NETFramework,Version=v4.5.AssemblyAttributes.obj
C:\spriteLand2012\spriteLand2012\Debug\AssemblyInfo.obj
C:\spriteLand2012\spriteLand2012\Debug\SpriteLand.obj
C:\spriteLand2012\spriteLand2012\Debug\spriteLand2012.obj
C:\spriteLand2012\spriteLand2012\Debug\SpriteWindow.obj
C:\spriteLand2012\spriteLand2012\Debug\startup.obj
C:\spriteLand2012\spriteLand2012\Debug\stdafx.obj
C:\spriteLand2012\spriteLand2012\Debug\cl.command.1.tlog
C:\spriteLand2012\spriteLand2012\Debug\CL.read.1.tlog
C:\spriteLand2012\spriteLand2012\Debug\CL.write.1.tlog
C:\spriteLand2012\spriteLand2012\Debug\link.10848-cvtres.read.1.tlog
C:\spriteLand2012\spriteLand2012\Debug\link.10848-cvtres.write.1.tlog
C:\spriteLand2012\spriteLand2012\Debug\link.10848-rc.read.1.tlog
C:\spriteLand2012\spriteLand2012\Debug\link.10848-rc.write.1.tlog
C:\spriteLand2012\spriteLand2012\Debug\link.10848.read.1.tlog
C:\spriteLand2012\spriteLand2012\Debug\link.10848.write.1.tlog
C:\spriteLand2012\spriteLand2012\Debug\link.1784-cvtres.read.1.tlog
C:\spriteLand2012\spriteLand2012\Debug\link.1784-cvtres.write.1.tlog
C:\spriteLand2012\spriteLand2012\Debug\link.1784-rc.read.1.tlog
C:\spriteLand2012\spriteLand2012\Debug\link.1784-rc.write.1.tlog
C:\spriteLand2012\spriteLand2012\Debug\link.1784.read.1.tlog
C:\spriteLand2012\spriteLand2012\Debug\link.1784.write.1.tlog
C:\spriteLand2012\spriteLand2012\Debug\link.2420-cvtres.read.1.tlog
C:\spriteLand2012\spriteLand2012\Debug\link.2420-cvtres.write.1.tlog
C:\spriteLand2012\spriteLand2012\Debug\link.2420-rc.read.1.tlog
C:\spriteLand2012\spriteLand2012\Debug\link.2420-rc.write.1.tlog
C:\spriteLand2012\spriteLand2012\Debug\link.2420.read.1.tlog
C:\spriteLand2012\spriteLand2012\Debug\link.2420.write.1.tlog
C:\spriteLand2012\spriteLand2012\Debug\link.2608-cvtres.read.1.tlog
C:\spriteLand2012\spriteLand2012\Debug\link.2608-cvtres.write.1.tlog
C:\spriteLand2012\spriteLand2012\Debug\link.2608-rc.read.1.tlog
C:\spriteLand2012\spriteLand2012\Debug\link.2608-rc.write.1.tlog
C:\spriteLand2012\spriteLand2012\Debug\link.2608.read.1.tlog
C:\spriteLand2012\spriteLand2012\Debug\link.2608.write.1.tlog
C:\spriteLand2012\spriteLand2012\Debug\link.6176-cvtres.read.1.tlog
C:\spriteLand2012\spriteLand2012\Debug\link.6176-cvtres.write.1.tlog
C:\spriteLand2012\spriteLand2012\Debug\link.6176-rc.read.1.tlog
C:\spriteLand2012\spriteLand2012\Debug\link.6176-rc.write.1.tlog
C:\spriteLand2012\spriteLand2012\Debug\link.6176.read.1.tlog
C:\spriteLand2012\spriteLand2012\Debug\link.6176.write.1.tlog
C:\spriteLand2012\spriteLand2012\Debug\link.7116-cvtres.read.1.tlog
C:\spriteLand2012\spriteLand2012\Debug\link.7116-cvtres.write.1.tlog
C:\spriteLand2012\spriteLand2012\Debug\link.7116-rc.read.1.tlog
C:\spriteLand2012\spriteLand2012\Debug\link.7116-rc.write.1.tlog
C:\spriteLand2012\spriteLand2012\Debug\link.7116.read.1.tlog
C:\spriteLand2012\spriteLand2012\Debug\link.7116.write.1.tlog
C:\spriteLand2012\spriteLand2012\Debug\link.8108-cvtres.read.1.tlog
C:\spriteLand2012\spriteLand2012\Debug\link.8108-cvtres.write.1.tlog
C:\spriteLand2012\spriteLand2012\Debug\link.8108-rc.read.1.tlog
C:\spriteLand2012\spriteLand2012\Debug\link.8108-rc.write.1.tlog
C:\spriteLand2012\spriteLand2012\Debug\link.8108.read.1.tlog
C:\spriteLand2012\spriteLand2012\Debug\link.8108.write.1.tlog
C:\spriteLand2012\spriteLand2012\Debug\link.8568-cvtres.read.1.tlog
C:\spriteLand2012\spriteLand2012\Debug\link.8568-cvtres.write.1.tlog
C:\spriteLand2012\spriteLand2012\Debug\link.8568-rc.read.1.tlog
C:\spriteLand2012\spriteLand2012\Debug\link.8568-rc.write.1.tlog
C:\spriteLand2012\spriteLand2012\Debug\link.8568.read.1.tlog
C:\spriteLand2012\spriteLand2012\Debug\link.8568.write.1.tlog
C:\spriteLand2012\spriteLand2012\Debug\link.8824-cvtres.read.1.tlog
C:\spriteLand2012\spriteLand2012\Debug\link.8824-cvtres.write.1.tlog
C:\spriteLand2012\spriteLand2012\Debug\link.8824-rc.read.1.tlog
C:\spriteLand2012\spriteLand2012\Debug\link.8824-rc.write.1.tlog
C:\spriteLand2012\spriteLand2012\Debug\link.8824.read.1.tlog
C:\spriteLand2012\spriteLand2012\Debug\link.8824.write.1.tlog
C:\spriteLand2012\spriteLand2012\Debug\link.8900-cvtres.read.1.tlog
C:\spriteLand2012\spriteLand2012\Debug\link.8900-cvtres.write.1.tlog
C:\spriteLand2012\spriteLand2012\Debug\link.8900-rc.read.1.tlog
C:\spriteLand2012\spriteLand2012\Debug\link.8900-rc.write.1.tlog
C:\spriteLand2012\spriteLand2012\Debug\link.8900.read.1.tlog
C:\spriteLand2012\spriteLand2012\Debug\link.8900.write.1.tlog
C:\spriteLand2012\spriteLand2012\Debug\link.8980-cvtres.read.1.tlog
C:\spriteLand2012\spriteLand2012\Debug\link.8980-cvtres.write.1.tlog
C:\spriteLand2012\spriteLand2012\Debug\link.8980-rc.read.1.tlog
C:\spriteLand2012\spriteLand2012\Debug\link.8980-rc.write.1.tlog
C:\spriteLand2012\spriteLand2012\Debug\link.8980.read.1.tlog
C:\spriteLand2012\spriteLand2012\Debug\link.8980.write.1.tlog
C:\spriteLand2012\spriteLand2012\Debug\link.command.1.tlog
C:\spriteLand2012\spriteLand2012\Debug\link.read.1.tlog
C:\spriteLand2012\spriteLand2012\Debug\link.write.1.tlog
C:\spriteLand2012\spriteLand2012\Debug\metagen.read.1.tlog
C:\spriteLand2012\spriteLand2012\Debug\metagen.write.1.tlog
C:\spriteLand2012\spriteLand2012\Debug\rc.command.1.tlog
C:\spriteLand2012\spriteLand2012\Debug\rc.read.1.tlog
C:\spriteLand2012\spriteLand2012\Debug\rc.write.1.tlog
C:\spriteLand2012\spriteLand2012\Debug\spriteLand2012.write.1.tlog
C:\spriteLand2012\spriteLand2012\Debug\app.res
C:\spriteLand2012\spriteLand2012\Debug\spriteLand2012.pch
C:\spriteLand2012\spriteLand2012\Debug\vc110.pdb
C:\spriteLand2012\spriteLand2012\Debug\TZRES.DLL.bi
C:\spriteLand2012\Debug\spriteLand2012.pdb
C:\spriteLand2012\Debug\spriteLand2012.exe
C:\spriteLand2012\Debug\spriteLand2012.ilk
